<?xml version="1.0" encoding="UTF-8"?>
<testsuite name="TestSuite" time="601.498" tests="28" errors="0" skipped="0" failures="1">
  <properties>
    <property name="java.runtime.name" value="Java(TM) SE Runtime Environment"/>
    <property name="java.vm.version" value="13.0.2+8"/>
    <property name="sun.boot.library.path" value="C:\Program Files\Java\jdk-13.0.2\bin"/>
    <property name="maven.multiModuleProjectDirectory" value="C:\Users\sonus\Desktop\works\drive-download-20200226T110850Z-001\git\Greengavya"/>
    <property name="java.vm.vendor" value="Oracle Corporation"/>
    <property name="java.vendor.url" value="https://java.oracle.com/"/>
    <property name="guice.disable.misplaced.annotation.check" value="true"/>
    <property name="path.separator" value=";"/>
    <property name="java.vm.name" value="Java HotSpot(TM) 64-Bit Server VM"/>
    <property name="sun.os.patch.level" value=""/>
    <property name="user.script" value=""/>
    <property name="user.country" value="GB"/>
    <property name="sun.java.launcher" value="SUN_STANDARD"/>
    <property name="java.vm.specification.name" value="Java Virtual Machine Specification"/>
    <property name="user.dir" value="C:\Users\sonus\Desktop\works\drive-download-20200226T110850Z-001\git\Greengavya"/>
    <property name="java.vm.compressedOopsMode" value="32-bit"/>
    <property name="java.runtime.version" value="13.0.2+8"/>
    <property name="os.arch" value="amd64"/>
    <property name="java.io.tmpdir" value="C:\Users\sonus\AppData\Local\Temp\"/>
    <property name="line.separator" value="&#10;"/>
    <property name="java.vm.specification.vendor" value="Oracle Corporation"/>
    <property name="user.variant" value=""/>
    <property name="os.name" value="Windows 10"/>
    <property name="classworlds.conf" value="C:\Users\sonus\Desktop\Workspace\.metadata\.plugins\org.eclipse.m2e.launching\launches\m2conf2746394294647761146.tmp"/>
    <property name="sun.jnu.encoding" value="Cp1252"/>
    <property name="java.library.path" value="C:\Program Files\Java\jdk-13.0.2\bin;C:\WINDOWS\Sun\Java\bin;C:\WINDOWS\system32;C:\WINDOWS;C:/Program Files/Java/jdk-13.0.2/bin/server;C:/Program Files/Java/jdk-13.0.2/bin;C:\WINDOWS\system32;C:\WINDOWS;C:\WINDOWS\System32\Wbem;C:\WINDOWS\System32\WindowsPowerShell\v1.0\;C:\WINDOWS\System32\OpenSSH\;C:\Program Files\Intel\WiFi\bin\;C:\Program Files\Common Files\Intel\WirelessCommon\;C:\Softwares\Git\cmd;C:\Softwares\Maven\apache-maven-3.6.3\apache-maven\src\bin;C:\Users\sonus\AppData\Local\Microsoft\WindowsApps;C:\Program Files\Java\jdk-13.0.2\bin;C:\Softwares\Maven\apache-maven-3.6.3\apache-maven\src\bin;;C:\Softwares\Eclipse\eclipse;;."/>
    <property name="jdk.debug" value="release"/>
    <property name="java.class.version" value="57.0"/>
    <property name="java.specification.name" value="Java Platform API Specification"/>
    <property name="sun.management.compiler" value="HotSpot 64-Bit Tiered Compilers"/>
    <property name="os.version" value="10.0"/>
    <property name="user.home" value="C:\Users\sonus"/>
    <property name="user.timezone" value="Asia/Calcutta"/>
    <property name="file.encoding" value="Cp1252"/>
    <property name="java.specification.version" value="13"/>
    <property name="user.name" value="Sowibo"/>
    <property name="java.class.path" value="C:\Softwares\Eclipse\eclipse\plugins\org.eclipse.m2e.maven.runtime_1.14.0.20191209-1923\jars\plexus-classworlds-2.6.0.jar"/>
    <property name="java.vm.specification.version" value="13"/>
    <property name="sun.arch.data.model" value="64"/>
    <property name="sun.java.command" value="org.codehaus.plexus.classworlds.launcher.Launcher -B test"/>
    <property name="java.home" value="C:\Program Files\Java\jdk-13.0.2"/>
    <property name="user.language" value="en"/>
    <property name="java.specification.vendor" value="Oracle Corporation"/>
    <property name="java.vm.info" value="mixed mode, sharing"/>
    <property name="java.version" value="13.0.2"/>
    <property name="java.vendor" value="Oracle Corporation"/>
    <property name="maven.home" value="C:\Users\sonus\Desktop\works\drive-download-20200226T110850Z-001\git\Greengavya\EMBEDDED"/>
    <property name="file.separator" value="\"/>
    <property name="java.version.date" value="2020-01-14"/>
    <property name="java.vendor.url.bug" value="https://bugreport.java.com/bugreport/"/>
    <property name="sun.io.unicode.encoding" value="UnicodeLittle"/>
    <property name="sun.cpu.endian" value="little"/>
    <property name="sun.cpu.isalist" value="amd64"/>
  </properties>
  <testcase name="startTest" classname="testcases.TCID1" time="28.254"/>
  <testcase name="lastNameCheck" classname="testcases.TCID59" time="8.113">
    <failure message="TCID &lt;59&gt; failed: &lt;no show error message when give last name length as 16&gt;" type="java.lang.AssertionError"><![CDATA[java.lang.AssertionError: TCID <59> failed: <no show error message when give last name length as 16>
	at org.testng.Assert.fail(Assert.java:97)
	at automation.AutomationScript.lastNameValidation(AutomationScript.java:60)
	at testcases.TCID59.lastNameCheck(TCID59.java:14)
]]></failure>
    <system-err><![CDATA[JavaScript error: resource://gre/modules/XULStore.jsm, line 66: Error: Can't find profile directory.
JavaScript error: resource://gre/modules/XULStore.jsm, line 66: Error: Can't find profile directory.
JavaScript error: https://www.greengavya.com/static/js/main.096ca111.chunk.js, line 1: TypeError: t is null
JavaScript error: https://www.greengavya.com/static/js/main.096ca111.chunk.js, line 1: TypeError: t is null
]]></system-err>
  </testcase>
  <testcase name="invalidEmailValidation" classname="testcases.TCID60" time="4.532"/>
  <testcase name="emailValidation" classname="testcases.TCID61" time="8.272"/>
  <testcase name="phoneNumValidation" classname="testcases.TCID62" time="4.895"/>
  <testcase name="phoneNumEmpty" classname="testcases.TCID63" time="8.179"/>
  <testcase name="phoneNumPositive" classname="testcases.TCID64" time="15.591"/>
  <testcase name="phoneNumNegative" classname="testcases.TCID65" time="8.121"/>
  <testcase name="passwordFieldEmpty" classname="testcases.TCID66" time="8.289"/>
  <testcase name="conformFieldEmpty" classname="testcases.TCID67" time="7.482"/>
  <testcase name="passwordFieldPositive" classname="testcases.TCID68" time="16.548"/>
  <testcase name="passwordFieldNegative" classname="testcases.TCID69" time="10.393"/>
  <testcase name="passwordInvalid" classname="testcases.TCID70" time="9.044"/>
  <testcase name="passwordInvalid" classname="testcases.TCID71" time="6.926"/>
  <testcase name="accountCreation" classname="testcases.TCID72" time="11.021"/>
  <testcase name="accountCreation" classname="testcases.TCID73" time="10.649"/>
  <testcase name="goToHome" classname="testcases.TCID74" time="10.699"/>
  <testcase name="search" classname="testcases.TCID77" time="59.685"/>
  <testcase name="invalidSearch" classname="testcases.TCID78" time="98.193"/>
  <testcase name="emptySearch" classname="testcases.TCID79" time="5.205"/>
  <testcase name="clickSuggestion" classname="testcases.TCID80" time="60.705"/>
  <testcase name="clickSearchButton" classname="testcases.TCID82" time="57.449"/>
  <testcase name="clearOption" classname="testcases.TCID83" time="66.611"/>
  <testcase name="dataBaseCategory" classname="testcases.TCID84" time="14.235"/>
  <testcase name="clickFruite" classname="testcases.TCID85" time="10.384"/>
  <testcase name="clickVegetable" classname="testcases.TCID86" time="18.298"/>
  <testcase name="clickOtherGrocerices" classname="testcases.TCID87" time="18.643"/>
  <testcase name="clickContinueShopping" classname="testcases.TCID88" time="15.082"/>
</testsuite>