<?xml version="1.0" encoding="UTF-8"?>
<testsuite name="TestSuite" time="499.791" tests="29" errors="0" skipped="0" failures="0">
  <properties>
    <property name="java.runtime.name" value="Java(TM) SE Runtime Environment"/>
    <property name="java.vm.version" value="13.0.2+8"/>
    <property name="sun.boot.library.path" value="C:\Program Files\Java\jdk-13.0.2\bin"/>
    <property name="maven.multiModuleProjectDirectory" value="C:\Users\USER\eclipse-workspace\GreengavyaTesting"/>
    <property name="java.vm.vendor" value="Oracle Corporation"/>
    <property name="java.vendor.url" value="https://java.oracle.com/"/>
    <property name="guice.disable.misplaced.annotation.check" value="true"/>
    <property name="path.separator" value=";"/>
    <property name="java.vm.name" value="Java HotSpot(TM) 64-Bit Server VM"/>
    <property name="sun.os.patch.level" value=""/>
    <property name="user.script" value=""/>
    <property name="user.country" value="IN"/>
    <property name="sun.java.launcher" value="SUN_STANDARD"/>
    <property name="java.vm.specification.name" value="Java Virtual Machine Specification"/>
    <property name="user.dir" value="C:\Users\USER\eclipse-workspace\GreengavyaTesting"/>
    <property name="java.vm.compressedOopsMode" value="32-bit"/>
    <property name="java.runtime.version" value="13.0.2+8"/>
    <property name="os.arch" value="amd64"/>
    <property name="java.io.tmpdir" value="C:\Users\USER\AppData\Local\Temp\"/>
    <property name="line.separator" value="&#10;"/>
    <property name="java.vm.specification.vendor" value="Oracle Corporation"/>
    <property name="user.variant" value=""/>
    <property name="os.name" value="Windows 10"/>
    <property name="classworlds.conf" value="C:\Users\USER\eclipse-workspace\.metadata\.plugins\org.eclipse.m2e.launching\launches\m2conf5354534716777533265.tmp"/>
    <property name="sun.jnu.encoding" value="Cp1252"/>
    <property name="java.library.path" value="C:\Program Files\Java\jdk-13.0.2\bin;C:\WINDOWS\Sun\Java\bin;C:\WINDOWS\system32;C:\WINDOWS;C:/Program Files/Java/jdk-13.0.2/bin/server;C:/Program Files/Java/jdk-13.0.2/bin;C:\Program Files (x86)\Intel\TXE Components\iCLS\;C:\Program Files\Intel\TXE Components\iCLS\;C:\WINDOWS\system32;C:\WINDOWS;C:\WINDOWS\System32\Wbem;C:\WINDOWS\System32\WindowsPowerShell\v1.0\;C:\Program Files\Intel\TXE Components\DAL\;C:\Program Files (x86)\Intel\TXE Components\DAL\;C:\Program Files\Intel\TXE Components\IPT\;C:\Program Files (x86)\Intel\TXE Components\IPT\;C:\Program Files (x86)\Brackets\command;C:\WINDOWS\System32\OpenSSH\;C:\Program Files\Git\cmd;C:\Users\USER\AppData\Local\Microsoft\WindowsApps;;C:\Users\USER\eclipse\java-2019-122\eclipse;;."/>
    <property name="jdk.debug" value="release"/>
    <property name="java.class.version" value="57.0"/>
    <property name="java.specification.name" value="Java Platform API Specification"/>
    <property name="sun.management.compiler" value="HotSpot 64-Bit Tiered Compilers"/>
    <property name="os.version" value="10.0"/>
    <property name="user.home" value="C:\Users\USER"/>
    <property name="user.timezone" value="Asia/Calcutta"/>
    <property name="file.encoding" value="Cp1252"/>
    <property name="java.specification.version" value="13"/>
    <property name="user.name" value="USER"/>
    <property name="java.class.path" value="C:\Users\USER\.p2\pool\plugins\org.eclipse.m2e.maven.runtime_1.14.0.20191209-1923\jars\plexus-classworlds-2.6.0.jar"/>
    <property name="java.vm.specification.version" value="13"/>
    <property name="sun.arch.data.model" value="64"/>
    <property name="sun.java.command" value="org.codehaus.plexus.classworlds.launcher.Launcher -B test"/>
    <property name="java.home" value="C:\Program Files\Java\jdk-13.0.2"/>
    <property name="user.language" value="en"/>
    <property name="java.specification.vendor" value="Oracle Corporation"/>
    <property name="java.vm.info" value="mixed mode, sharing"/>
    <property name="java.version" value="13.0.2"/>
    <property name="java.vendor" value="Oracle Corporation"/>
    <property name="maven.home" value="C:\Users\USER\eclipse-workspace\GreengavyaTesting\EMBEDDED"/>
    <property name="file.separator" value="\"/>
    <property name="java.version.date" value="2020-01-14"/>
    <property name="java.vendor.url.bug" value="https://bugreport.java.com/bugreport/"/>
    <property name="sun.io.unicode.encoding" value="UnicodeLittle"/>
    <property name="sun.cpu.endian" value="little"/>
    <property name="sun.cpu.isalist" value="amd64"/>
  </properties>
  <testcase name="startTest" classname="testcases.TCID1" time="2.741"/>
  <testcase name="addCart" classname="testcases.TCID2" time="212.016"/>
  <testcase name="cartPlus" classname="testcases.TCID3" time="5.511"/>
  <testcase name="cartMinus" classname="testcases.TCID4" time="10.615"/>
  <testcase name="upper" classname="testcases.TCID5" time="23.547"/>
  <testcase name="lower" classname="testcases.TCID6" time="2.263"/>
  <testcase name="sort" classname="testcases.TCID7" time="5.607"/>
  <testcase name="relevance" classname="testcases.TCID8" time="5.155"/>
  <testcase name="lowhigh" classname="testcases.TCID9" time="5.558"/>
  <testcase name="highlow" classname="testcases.TCID10" time="5.46"/>
  <testcase name="atoz" classname="testcases.TCID11" time="5.469"/>
  <testcase name="ztoa" classname="testcases.TCID12" time="12.976"/>
  <testcase name="page" classname="testcases.TCID13" time="13.995"/>
  <testcase name="verifypro" classname="testcases.TCID14" time="11.689"/>
  <testcase name="verify" classname="testcases.TCID15" time="3.105"/>
  <testcase name="checkout_emp" classname="testcases.TCID16" time="16.726"/>
  <testcase name="verifyTtl" classname="testcases.TCID17" time="20.307"/>
  <testcase name="checkout_pro" classname="testcases.TCID18" time="13.062"/>
  <testcase name="clearPro" classname="testcases.TCID20" time="5.391"/>
  <testcase name="clearEmp" classname="testcases.TCID19" time="10.447"/>
  <testcase name="pluscart" classname="testcases.TCID21" time="7.2"/>
  <testcase name="minuscart" classname="testcases.TCID22" time="5.934"/>
  <testcase name="cartupper" classname="testcases.TCID24" time="4.364"/>
  <testcase name="cartupper" classname="testcases.TCID23" time="25.347"/>
  <testcase name="clearCart" classname="testcases.TCID25" time="5.301"/>
  <testcase name="verifyqnty" classname="testcases.TCID26" time="15.914"/>
  <testcase name="verifyttl" classname="testcases.TCID27" time="27.731"/>
  <testcase name="continueCart" classname="testcases.TCID28" time="2.447"/>
  <testcase name="clearCart" classname="testcases.TCID29" time="13.913"/>
</testsuite>