<?xml version="1.0" encoding="UTF-8"?>
<testsuite name="TestSuite" time="350.905" tests="26" errors="0" skipped="0" failures="3">
  <properties>
    <property name="java.runtime.name" value="Java(TM) SE Runtime Environment"/>
    <property name="java.vm.version" value="13.0.2+8"/>
    <property name="sun.boot.library.path" value="C:\Program Files\Java\jdk-13.0.2\bin"/>
    <property name="maven.multiModuleProjectDirectory" value="C:\Users\Sowibo\Desktop\Workspace\GreengavyaTest"/>
    <property name="java.vm.vendor" value="Oracle Corporation"/>
    <property name="java.vendor.url" value="https://java.oracle.com/"/>
    <property name="guice.disable.misplaced.annotation.check" value="true"/>
    <property name="path.separator" value=";"/>
    <property name="java.vm.name" value="Java HotSpot(TM) 64-Bit Server VM"/>
    <property name="sun.os.patch.level" value=""/>
    <property name="user.script" value=""/>
    <property name="user.country" value="US"/>
    <property name="sun.java.launcher" value="SUN_STANDARD"/>
    <property name="java.vm.specification.name" value="Java Virtual Machine Specification"/>
    <property name="user.dir" value="C:\Users\Sowibo\Desktop\Workspace\GreengavyaTest"/>
    <property name="java.vm.compressedOopsMode" value="32-bit"/>
    <property name="java.runtime.version" value="13.0.2+8"/>
    <property name="os.arch" value="amd64"/>
    <property name="java.io.tmpdir" value="C:\Users\Sowibo\AppData\Local\Temp\"/>
    <property name="line.separator" value="&#10;"/>
    <property name="java.vm.specification.vendor" value="Oracle Corporation"/>
    <property name="user.variant" value=""/>
    <property name="os.name" value="Windows 10"/>
    <property name="classworlds.conf" value="C:\Users\Sowibo\Desktop\Workspace\.metadata\.plugins\org.eclipse.m2e.launching\launches\m2conf10467827786687681682.tmp"/>
    <property name="sun.jnu.encoding" value="Cp1252"/>
    <property name="java.library.path" value="C:\Program Files\Java\jdk-13.0.2\bin;C:\WINDOWS\Sun\Java\bin;C:\WINDOWS\system32;C:\WINDOWS;C:/Program Files/Java/jdk-13.0.2/bin/server;C:/Program Files/Java/jdk-13.0.2/bin;C:\Program Files (x86)\Intel\TXE Components\iCLS\;C:\Program Files\Intel\TXE Components\iCLS\;C:\WINDOWS\system32;C:\WINDOWS;C:\WINDOWS\System32\Wbem;C:\WINDOWS\System32\WindowsPowerShell\v1.0\;C:\Program Files\Intel\TXE Components\DAL\;C:\Program Files (x86)\Intel\TXE Components\DAL\;C:\Program Files\Intel\TXE Components\IPT\;C:\Program Files (x86)\Intel\TXE Components\IPT\;C:\WINDOWS\System32\OpenSSH\;C:\Program Files\Git\cmd;C:\Users\Sowibo\AppData\Local\Microsoft\WindowsApps;;C:\Eclipse\eclipse;;."/>
    <property name="jdk.debug" value="release"/>
    <property name="java.class.version" value="57.0"/>
    <property name="java.specification.name" value="Java Platform API Specification"/>
    <property name="sun.management.compiler" value="HotSpot 64-Bit Tiered Compilers"/>
    <property name="os.version" value="10.0"/>
    <property name="user.home" value="C:\Users\Sowibo"/>
    <property name="user.timezone" value="Asia/Calcutta"/>
    <property name="file.encoding" value="Cp1252"/>
    <property name="java.specification.version" value="13"/>
    <property name="user.name" value="Sowibo"/>
    <property name="java.class.path" value="C:\Eclipse\eclipse\plugins\org.eclipse.m2e.maven.runtime_1.14.0.20191209-1923\jars\plexus-classworlds-2.6.0.jar"/>
    <property name="java.vm.specification.version" value="13"/>
    <property name="sun.arch.data.model" value="64"/>
    <property name="sun.java.command" value="org.codehaus.plexus.classworlds.launcher.Launcher -B test"/>
    <property name="java.home" value="C:\Program Files\Java\jdk-13.0.2"/>
    <property name="user.language" value="en"/>
    <property name="java.specification.vendor" value="Oracle Corporation"/>
    <property name="java.vm.info" value="mixed mode, sharing"/>
    <property name="java.version" value="13.0.2"/>
    <property name="java.vendor" value="Oracle Corporation"/>
    <property name="maven.home" value="C:\Users\Sowibo\Desktop\Workspace\GreengavyaTest\EMBEDDED"/>
    <property name="file.separator" value="\"/>
    <property name="java.version.date" value="2020-01-14"/>
    <property name="java.vendor.url.bug" value="https://bugreport.java.com/bugreport/"/>
    <property name="sun.io.unicode.encoding" value="UnicodeLittle"/>
    <property name="sun.cpu.endian" value="little"/>
    <property name="sun.cpu.isalist" value="amd64"/>
  </properties>
  <testcase name="startTest" classname="testcases.TCID1" time="2.411"/>
  <testcase name="startTest92" classname="testcases.TCID92" time="63.276"/>
  <testcase name="startTest93" classname="testcases.TCID93" time="18.652"/>
  <testcase name="startTest94" classname="testcases.TCID94" time="18.733"/>
  <testcase name="startTest96" classname="testcases.TCID96" time="10.383"/>
  <testcase name="startTest95" classname="testcases.TCID95" time="25.942"/>
  <testcase name="startTest97" classname="testcases.TCID97" time="10.804"/>
  <testcase name="startTest100" classname="testcases.TCID100" time="6.804"/>
  <testcase name="startTest101" classname="testcases.TCID101" time="5.831">
    <failure message="TCID &lt;101&gt; failed: &lt;no show error message when  name field with invalid data&gt;" type="java.lang.AssertionError"><![CDATA[java.lang.AssertionError: TCID <101> failed: <no show error message when  name field with invalid data>
	at org.testng.Assert.fail(Assert.java:97)
	at automation.AutomationScript.invalidNameContactUs(AutomationScript.java:656)
	at testcases.TCID101.startTest101(TCID101.java:11)
]]></failure>
  </testcase>
  <testcase name="startTest102" classname="testcases.TCID102" time="6.896"/>
  <testcase name="startTest103" classname="testcases.TCID103" time="6.971"/>
  <testcase name="startTest104" classname="testcases.TCID104" time="7.126"/>
  <testcase name="startTest105" classname="testcases.TCID105" time="6.862"/>
  <testcase name="startTest106" classname="testcases.TCID106" time="6.769"/>
  <testcase name="startTest106" classname="testcases.TCID107" time="6.537"/>
  <testcase name="startTest108" classname="testcases.TCID108" time="6.179">
    <failure message="TCID &lt;108&gt; failed: &lt;no show error message when first name field with invalid data&gt;" type="java.lang.AssertionError"><![CDATA[java.lang.AssertionError: TCID <108> failed: <no show error message when first name field with invalid data>
	at org.testng.Assert.fail(Assert.java:97)
	at automation.AutomationScript.invalidFname(AutomationScript.java:922)
	at testcases.TCID108.startTest108(TCID108.java:11)
]]></failure>
  </testcase>
  <testcase name="startTest109" classname="testcases.TCID109" time="11.594"/>
  <testcase name="startTest110" classname="testcases.TCID110" time="21.559"/>
  <testcase name="startTest111" classname="testcases.TCID111" time="11.486"/>
  <testcase name="startTest112" classname="testcases.TCID112" time="5.837">
    <failure message="TCID &lt;112&gt; failed: &lt;no show error message when last name with invalid data&gt;" type="java.lang.AssertionError"><![CDATA[java.lang.AssertionError: TCID <112> failed: <no show error message when last name with invalid data>
	at org.testng.Assert.fail(Assert.java:97)
	at automation.AutomationScript.invalidLname(AutomationScript.java:1114)
	at testcases.TCID112.startTest112(TCID112.java:12)
]]></failure>
  </testcase>
  <testcase name="startTest113" classname="testcases.TCID113" time="6.378"/>
  <testcase name="startTest114" classname="testcases.TCID114" time="21.825"/>
  <testcase name="startTest114" classname="testcases.TCID115" time="11.667"/>
  <testcase name="startTest116" classname="testcases.TCID116" time="6.36"/>
  <testcase name="startTest117" classname="testcases.TCID117" time="6.276"/>
  <testcase name="startTest118" classname="testcases.TCID118" time="37.747"/>
</testsuite>