<?xml version="1.0" encoding="UTF-8"?>
<!-- Generated by org.testng.reporters.JUnitReportReporter -->
<testsuite hostname="DESKTOP-26CSK06" failures="0" tests="1" name="testcases.TCID50" time="8.793" errors="0" timestamp="2020-03-20T21:43:41 IST" skipped="0">
  <testcase classname="testcases.TCID50" name="logOut" time="8.793"/>
  <system-out/>
</testsuite> <!-- testcases.TCID50 -->
