<?xml version="1.0" encoding="UTF-8"?>
<!-- Generated by org.testng.reporters.JUnitReportReporter -->
<testsuite hostname="DESKTOP-26CSK06" failures="0" tests="1" name="testcases.TCID33" time="5.064" errors="0" timestamp="2020-03-17T20:38:34 IST" skipped="0">
  <testcase classname="testcases.TCID33" name="productIncrement" time="5.064"/>
  <system-out/>
</testsuite> <!-- testcases.TCID33 -->
