<?xml version="1.0" encoding="UTF-8"?>
<!-- Generated by org.testng.reporters.JUnitReportReporter -->
<testsuite hostname="DESKTOP-P4C0323" failures="0" tests="1" name="testcases.TCID137" time="68.138" errors="0" timestamp="2020-03-29T12:51:52 IST" skipped="0">
  <testcase classname="testcases.TCID137" name="test137" time="68.138"/>
  <system-out/>
</testsuite> <!-- testcases.TCID137 -->
