<?xml version="1.0" encoding="UTF-8"?>
<!-- Generated by org.testng.reporters.JUnitReportReporter -->
<testsuite hostname="LAPTOP-21M1NBLT" failures="0" tests="1" name="testcases.TCID61" time="5.968" errors="0" timestamp="2020-03-12T21:49:21 IST" skipped="0">
  <testcase classname="testcases.TCID61" name="emailValidation" time="5.968"/>
  <system-out/>
</testsuite> <!-- testcases.TCID61 -->
