<?xml version="1.0" encoding="UTF-8"?>
<!-- Generated by org.testng.reporters.JUnitReportReporter -->
<testsuite hostname="DESKTOP-P4C0323" failures="0" tests="1" name="testcases.TCID133" time="115.832" errors="0" timestamp="2020-03-17T21:23:07 IST" skipped="0">
  <testcase classname="testcases.TCID133" name="test133" time="115.832"/>
  <system-out/>
</testsuite> <!-- testcases.TCID133 -->
