<?xml version="1.0" encoding="UTF-8"?>
<!-- Generated by org.testng.reporters.JUnitReportReporter -->
<testsuite hostname="DESKTOP-P4C0323" failures="0" tests="1" name="testcases.TCID132" time="55.003" errors="0" timestamp="2020-03-24T21:22:14 IST" skipped="0">
  <testcase classname="testcases.TCID132" name="test132" time="55.003"/>
  <system-out/>
</testsuite> <!-- testcases.TCID132 -->
