<?xml version="1.0" encoding="UTF-8"?>
<!-- Generated by org.testng.reporters.JUnitReportReporter -->
<testsuite hostname="DESKTOP-26CSK06" failures="0" tests="1" name="testcases.TCID53" time="4.064" errors="0" timestamp="2020-03-20T20:54:59 IST" skipped="0">
  <testcase classname="testcases.TCID53" name="emptyFname" time="4.064"/>
  <system-out/>
</testsuite> <!-- testcases.TCID53 -->
