<?xml version="1.0" encoding="UTF-8"?>
<!-- Generated by org.testng.reporters.JUnitReportReporter -->
<testsuite hostname="DESKTOP-P4C0323" failures="0" tests="1" name="testcases.TCID140" time="159.029" errors="0" timestamp="2020-04-12T18:41:42 IST" skipped="0">
  <testcase classname="testcases.TCID140" name="test140" time="159.029"/>
  <system-out/>
</testsuite> <!-- testcases.TCID140 -->
