<?xml version="1.0" encoding="UTF-8"?>
<!-- Generated by org.testng.reporters.JUnitReportReporter -->
<testsuite hostname="LAPTOP-21M1NBLT" failures="0" tests="1" name="testcases.TCID62" time="11.040" errors="0" timestamp="2020-03-12T21:49:21 IST" skipped="0">
  <testcase classname="testcases.TCID62" name="phoneNumValidation" time="11.040"/>
  <system-out/>
</testsuite> <!-- testcases.TCID62 -->
