<?xml version="1.0" encoding="UTF-8"?>
<!-- Generated by org.testng.reporters.JUnitReportReporter -->
<testsuite hostname="DESKTOP-3GBAJJR" failures="0" tests="1" name="testcases.TCID92" time="63.243" errors="0" timestamp="2020-03-26T14:07:06 IST" skipped="0">
  <testcase classname="testcases.TCID92" name="startTest92" time="63.243"/>
  <system-out/>
</testsuite> <!-- testcases.TCID92 -->
