<?xml version="1.0" encoding="UTF-8"?>
<!-- Generated by org.testng.reporters.JUnitReportReporter -->
<testsuite hostname="DESKTOP-P4MLSHK" failures="0" tests="1" name="testcases.TCID1" time="53.801" errors="0" timestamp="2020-03-13T21:19:47 IST" skipped="0">
  <testcase classname="testcases.TCID1" name="startTest" time="53.801"/>
  <system-out/>
</testsuite> <!-- testcases.TCID1 -->
