<?xml version="1.0" encoding="UTF-8"?>
<!-- Generated by org.testng.reporters.JUnitReportReporter -->
<testsuite hostname="DESKTOP-3GBAJJR" failures="0" tests="1" name="testcases.TCID97" time="10.767" errors="0" timestamp="2020-03-26T14:07:06 IST" skipped="0">
  <testcase classname="testcases.TCID97" name="startTest97" time="10.767"/>
  <system-out/>
</testsuite> <!-- testcases.TCID97 -->
