<?xml version="1.0" encoding="UTF-8"?>
<!-- Generated by org.testng.reporters.JUnitReportReporter -->
<testsuite hostname="DESKTOP-3GBAJJR" failures="0" tests="1" name="testcases.TCID114" time="21.543" errors="0" timestamp="2020-03-21T12:22:58 IST" skipped="0">
  <testcase classname="testcases.TCID114" name="startTest114" time="21.543"/>
  <system-out/>
</testsuite> <!-- testcases.TCID114 -->
