<?xml version="1.0" encoding="UTF-8"?>
<!-- Generated by org.testng.reporters.JUnitReportReporter -->
<testsuite hostname="DESKTOP-3GBAJJR" failures="0" tests="1" name="testcases.TCID92" time="64.007" errors="0" timestamp="2020-03-21T21:19:46 IST" skipped="0">
  <testcase classname="testcases.TCID92" name="startTest92" time="64.007"/>
  <system-out/>
</testsuite> <!-- testcases.TCID92 -->
