<?xml version="1.0" encoding="UTF-8"?>
<!-- Generated by org.testng.reporters.JUnitReportReporter -->
<testsuite hostname="DESKTOP-26CSK06" failures="0" tests="1" name="testcases.TCID1" time="5.346" errors="0" timestamp="2020-03-23T20:33:15 IST" skipped="0">
  <testcase classname="testcases.TCID1" name="startTest" time="5.346"/>
  <system-out/>
</testsuite> <!-- testcases.TCID1 -->
