<?xml version="1.0" encoding="UTF-8"?>
<!-- Generated by org.testng.reporters.JUnitReportReporter -->
<testsuite hostname="DESKTOP-26CSK06" failures="0" tests="1" name="testcases.TCID30" time="6.067" errors="0" timestamp="2020-03-18T18:56:23 IST" skipped="0">
  <testcase classname="testcases.TCID30" name="newUserCheckout" time="6.067"/>
  <system-out/>
</testsuite> <!-- testcases.TCID30 -->
