<?xml version="1.0" encoding="UTF-8"?>
<!-- Generated by org.testng.reporters.JUnitReportReporter -->
<testsuite hostname="DESKTOP-P4MLSHK" failures="0" tests="1" name="testcases.TCID9" time="5.541" errors="0" timestamp="2020-03-20T21:55:08 IST" skipped="0">
  <testcase classname="testcases.TCID9" name="lowhigh" time="5.541"/>
  <system-out/>
</testsuite> <!-- testcases.TCID9 -->
