<?xml version="1.0" encoding="UTF-8"?>
<!-- Generated by org.testng.reporters.JUnitReportReporter -->
<testsuite hostname="DESKTOP-26CSK06" failures="0" tests="1" name="testcases.TCID38" time="4.868" errors="0" timestamp="2020-03-23T20:33:16 IST" skipped="0">
  <testcase classname="testcases.TCID38" name="emptyLogin" time="4.868"/>
  <system-out/>
</testsuite> <!-- testcases.TCID38 -->
