<?xml version="1.0" encoding="UTF-8"?>
<!-- Generated by org.testng.reporters.JUnitReportReporter -->
<testsuite hostname="DESKTOP-P4MLSHK" failures="0" tests="1" name="testcases.TCID19" time="5.494" errors="0" timestamp="2020-03-19T20:20:35 IST" skipped="0">
  <testcase classname="testcases.TCID19" name="clearEmp" time="5.494"/>
  <system-out/>
</testsuite> <!-- testcases.TCID19 -->
