<?xml version="1.0" encoding="UTF-8"?>
<!-- Generated by org.testng.reporters.JUnitReportReporter -->
<testsuite hostname="DESKTOP-P4MLSHK" failures="0" tests="1" name="testcases.TCID7" time="5.139" errors="0" timestamp="2020-03-22T20:59:27 IST" skipped="0">
  <testcase classname="testcases.TCID7" name="sort" time="5.139"/>
  <system-out/>
</testsuite> <!-- testcases.TCID7 -->
