<?xml version="1.0" encoding="UTF-8"?>
<!-- Generated by org.testng.reporters.JUnitReportReporter -->
<testsuite hostname="DESKTOP-P4MLSHK" failures="0" tests="1" name="testcases.TCID17" time="19.979" errors="0" timestamp="2020-03-23T21:43:54 IST" skipped="0">
  <testcase classname="testcases.TCID17" name="verifyTtl" time="19.979"/>
  <system-out/>
</testsuite> <!-- testcases.TCID17 -->
