<?xml version="1.0" encoding="UTF-8"?>
<!-- Generated by org.testng.reporters.JUnitReportReporter -->
<testsuite hostname="DESKTOP-26CSK06" failures="0" tests="1" name="testcases.TCID47" time="2.386" errors="0" timestamp="2020-03-21T13:29:33 IST" skipped="0">
  <testcase classname="testcases.TCID47" name="backLogin" time="2.386"/>
  <system-out/>
</testsuite> <!-- testcases.TCID47 -->
