<?xml version="1.0" encoding="UTF-8"?>
<!-- Generated by org.testng.reporters.JUnitReportReporter -->
<testsuite hostname="LAPTOP-U11H1911" failures="0" tests="1" name="testcases.TCID147" time="0.000" errors="0" timestamp="2020-03-13T11:16:13 IST" skipped="1">
  <testcase classname="testcases.TCID147" name="flatNum" time="0.000">
    <skipped/>
  </testcase> <!-- flatNum -->
  <system-out/>
</testsuite> <!-- testcases.TCID147 -->
