<?xml version="1.0" encoding="UTF-8"?>
<!-- Generated by org.testng.reporters.JUnitReportReporter -->
<testsuite hostname="DESKTOP-3GBAJJR" failures="0" tests="1" name="testcases.TCID90" time="0.006" errors="0" timestamp="2020-03-13T19:49:34 IST" skipped="0">
  <testcase classname="testcases.TCID90" name="startTest" time="0.006"/>
  <system-out/>
</testsuite> <!-- testcases.TCID90 -->
