<?xml version="1.0" encoding="UTF-8"?>
<!-- Generated by org.testng.reporters.JUnitReportReporter -->
<testsuite hostname="LAPTOP-21M1NBLT" failures="0" tests="1" name="testcases.TCID72" time="7.296" errors="0" timestamp="2020-03-17T21:23:00 IST" skipped="0">
  <testcase classname="testcases.TCID72" name="accountCreation" time="7.296"/>
  <system-out/>
</testsuite> <!-- testcases.TCID72 -->
