<?xml version="1.0" encoding="UTF-8"?>
<!-- Generated by org.testng.reporters.JUnitReportReporter -->
<testsuite hostname="DESKTOP-P4MLSHK" failures="0" tests="1" name="testcases.TCID5" time="23.075" errors="0" timestamp="2020-03-21T21:33:24 IST" skipped="0">
  <testcase classname="testcases.TCID5" name="upper" time="23.075"/>
  <system-out/>
</testsuite> <!-- testcases.TCID5 -->
