<?xml version="1.0" encoding="UTF-8"?>
<!-- Generated by org.testng.reporters.JUnitReportReporter -->
<testsuite hostname="DESKTOP-P4MLSHK" failures="0" tests="1" name="testcases.TCID18" time="9.015" errors="0" timestamp="2020-03-18T21:54:15 IST" skipped="0">
  <testcase classname="testcases.TCID18" name="checkout_pro" time="9.015"/>
  <system-out/>
</testsuite> <!-- testcases.TCID18 -->
