<?xml version="1.0" encoding="UTF-8"?>
<!-- Generated by org.testng.reporters.JUnitReportReporter -->
<testsuite hostname="DESKTOP-P4C0323" failures="0" tests="1" name="testcases.TCID1" time="45.399" errors="0" timestamp="2020-03-14T21:57:40 IST" skipped="0">
  <testcase classname="testcases.TCID1" name="startTest" time="45.399"/>
  <system-out/>
</testsuite> <!-- testcases.TCID1 -->
