<?xml version="1.0" encoding="UTF-8"?>
<!-- Generated by org.testng.reporters.JUnitReportReporter -->
<testsuite hostname="LAPTOP-21M1NBLT" failures="0" tests="1" name="testcases.TCID71" time="3.830" errors="0" timestamp="2020-03-17T21:22:59 IST" skipped="0">
  <testcase classname="testcases.TCID71" name="passwordInvalid" time="3.830"/>
  <system-out/>
</testsuite> <!-- testcases.TCID71 -->
