<?xml version="1.0" encoding="UTF-8"?>
<!-- Generated by org.testng.reporters.JUnitReportReporter -->
<testsuite hostname="DESKTOP-P4MLSHK" failures="0" tests="1" name="testcases.TCID14" time="11.739" errors="0" timestamp="2020-03-26T20:04:52 IST" skipped="0">
  <testcase classname="testcases.TCID14" name="verifypro" time="11.739"/>
  <system-out/>
</testsuite> <!-- testcases.TCID14 -->
