<?xml version="1.0" encoding="UTF-8"?>
<!-- Generated by org.testng.reporters.JUnitReportReporter -->
<testsuite hostname="DESKTOP-26CSK06" failures="0" tests="1" name="testcases.TCID34" time="6.738" errors="0" timestamp="2020-03-20T21:43:42 IST" skipped="0">
  <testcase classname="testcases.TCID34" name="productDecrement" time="6.738"/>
  <system-out/>
</testsuite> <!-- testcases.TCID34 -->
