<?xml version="1.0" encoding="UTF-8"?>
<!-- Generated by org.testng.reporters.JUnitReportReporter -->
<testsuite hostname="DESKTOP-3GBAJJR" failures="0" tests="1" name="testcases.TCID107" time="6.576" errors="0" timestamp="2020-03-21T12:22:59 IST" skipped="0">
  <testcase classname="testcases.TCID107" name="startTest106" time="6.576"/>
  <system-out/>
</testsuite> <!-- testcases.TCID107 -->
