<?xml version="1.0" encoding="UTF-8"?>
<!-- Generated by org.testng.reporters.JUnitReportReporter -->
<testsuite hostname="DESKTOP-3GBAJJR" failures="0" tests="1" name="testcases.TCID110" time="22.205" errors="0" timestamp="2020-03-21T12:22:59 IST" skipped="0">
  <testcase classname="testcases.TCID110" name="startTest110" time="22.205"/>
  <system-out/>
</testsuite> <!-- testcases.TCID110 -->
