<?xml version="1.0" encoding="UTF-8"?>
<!-- Generated by org.testng.reporters.JUnitReportReporter -->
<testsuite hostname="DESKTOP-26CSK06" failures="0" tests="1" name="testcases.TCID30" time="5.761" errors="0" timestamp="2020-03-21T13:29:34 IST" skipped="0">
  <testcase classname="testcases.TCID30" name="newUserCheckout" time="5.761"/>
  <system-out/>
</testsuite> <!-- testcases.TCID30 -->
