<?xml version="1.0" encoding="UTF-8"?>
<!-- Generated by org.testng.reporters.JUnitReportReporter -->
<testsuite hostname="DESKTOP-3GBAJJR" failures="0" tests="1" name="testcases.TCID95" time="26.080" errors="0" timestamp="2020-03-24T22:05:03 IST" skipped="0">
  <testcase classname="testcases.TCID95" name="startTest95" time="26.080"/>
  <system-out/>
</testsuite> <!-- testcases.TCID95 -->
