<?xml version="1.0" encoding="UTF-8"?>
<!-- Generated by org.testng.reporters.JUnitReportReporter -->
<testsuite hostname="DESKTOP-26CSK06" failures="0" tests="1" name="testcases.TCID58" time="15.335" errors="0" timestamp="2020-03-20T20:54:59 IST" skipped="0">
  <testcase classname="testcases.TCID58" name="lnamePositive" time="15.335"/>
  <system-out/>
</testsuite> <!-- testcases.TCID58 -->
