<?xml version="1.0" encoding="UTF-8"?>
<!-- Generated by org.testng.reporters.JUnitReportReporter -->
<testsuite hostname="LAPTOP-21M1NBLT" failures="0" tests="1" name="testcases.TCID63" time="6.571" errors="0" timestamp="2020-03-12T21:49:21 IST" skipped="0">
  <testcase classname="testcases.TCID63" name="phoneNumEmpty" time="6.571"/>
  <system-out/>
</testsuite> <!-- testcases.TCID63 -->
