<?xml version="1.0" encoding="UTF-8"?>
<!-- Generated by org.testng.reporters.JUnitReportReporter -->
<testsuite hostname="DESKTOP-P4MLSHK" failures="0" tests="1" name="testcases.TCID23" time="24.917" errors="0" timestamp="2020-03-19T20:20:35 IST" skipped="0">
  <testcase classname="testcases.TCID23" name="cartupper" time="24.917"/>
  <system-out/>
</testsuite> <!-- testcases.TCID23 -->
