<?xml version="1.0" encoding="UTF-8"?>
<!-- Generated by org.testng.reporters.JUnitReportReporter -->
<testsuite hostname="DESKTOP-26CSK06" failures="0" tests="1" name="testcases.TCID58" time="10.272" errors="0" timestamp="2020-03-15T21:46:13 IST" skipped="0">
  <testcase classname="testcases.TCID58" name="lnamePositive" time="10.272"/>
  <system-out/>
</testsuite> <!-- testcases.TCID58 -->
