<?xml version="1.0" encoding="UTF-8"?>
<!-- Generated by org.testng.reporters.JUnitReportReporter -->
<testsuite hostname="DESKTOP-3GBAJJR" failures="0" tests="1" name="testcases.TCID100" time="5.007" errors="0" timestamp="2020-03-13T22:06:38 IST" skipped="0">
  <testcase classname="testcases.TCID100" name="startTest" time="5.007"/>
  <system-out/>
</testsuite> <!-- testcases.TCID100 -->
