<?xml version="1.0" encoding="UTF-8"?>
<!-- Generated by org.testng.reporters.JUnitReportReporter -->
<testsuite hostname="DESKTOP-3GBAJJR" failures="0" tests="1" name="testcases.TCID111" time="11.646" errors="0" timestamp="2020-03-19T22:26:47 IST" skipped="0">
  <testcase classname="testcases.TCID111" name="startTest111" time="11.646"/>
  <system-out/>
</testsuite> <!-- testcases.TCID111 -->
