<?xml version="1.0" encoding="UTF-8"?>
<!-- Generated by org.testng.reporters.JUnitReportReporter -->
<testsuite hostname="DESKTOP-P4MLSHK" failures="0" tests="1" name="testcases.TCID18" time="13.049" errors="0" timestamp="2020-03-20T21:55:07 IST" skipped="0">
  <testcase classname="testcases.TCID18" name="checkout_pro" time="13.049"/>
  <system-out/>
</testsuite> <!-- testcases.TCID18 -->
