<?xml version="1.0" encoding="UTF-8"?>
<!-- Generated by org.testng.reporters.JUnitReportReporter -->
<testsuite hostname="DESKTOP-3GBAJJR" failures="0" tests="1" name="testcases.TCID103" time="6.670" errors="0" timestamp="2020-03-18T23:18:09 IST" skipped="0">
  <testcase classname="testcases.TCID103" name="startTest103" time="6.670"/>
  <system-out/>
</testsuite> <!-- testcases.TCID103 -->
