<?xml version="1.0" encoding="UTF-8"?>
<!-- Generated by org.testng.reporters.JUnitReportReporter -->
<testsuite hostname="DESKTOP-P4MLSHK" failures="0" tests="1" name="testcases.TCID10" time="5.467" errors="0" timestamp="2020-03-22T20:59:27 IST" skipped="0">
  <testcase classname="testcases.TCID10" name="highlow" time="5.467"/>
  <system-out/>
</testsuite> <!-- testcases.TCID10 -->
