<?xml version="1.0" encoding="UTF-8"?>
<!-- Generated by org.testng.reporters.JUnitReportReporter -->
<testsuite hostname="DESKTOP-P4MLSHK" failures="0" tests="1" name="testcases.TCID1" time="8.900" errors="0" timestamp="2020-03-14T21:26:23 IST" skipped="0">
  <testcase classname="testcases.TCID1" name="startTest" time="8.900"/>
  <system-out/>
</testsuite> <!-- testcases.TCID1 -->
