<?xml version="1.0" encoding="UTF-8"?>
<!-- Generated by org.testng.reporters.JUnitReportReporter -->
<testsuite hostname="DESKTOP-26CSK06" failures="0" tests="1" name="testcases.TCID37" time="5.580" errors="0" timestamp="2020-03-15T21:46:14 IST" skipped="0">
  <testcase classname="testcases.TCID37" name="clearClick" time="5.580"/>
  <system-out/>
</testsuite> <!-- testcases.TCID37 -->
