<?xml version="1.0" encoding="UTF-8"?>
<!-- Generated by org.testng.reporters.JUnitReportReporter -->
<testsuite hostname="DESKTOP-26CSK06" failures="0" tests="1" name="testcases.TCID31" time="16.843" errors="0" timestamp="2020-03-23T20:33:15 IST" skipped="0">
  <testcase classname="testcases.TCID31" name="checkoutLogged" time="16.843"/>
  <system-out/>
</testsuite> <!-- testcases.TCID31 -->
