<?xml version="1.0" encoding="UTF-8"?>
<!-- Generated by org.testng.reporters.JUnitReportReporter -->
<testsuite hostname="DESKTOP-P4C0323" failures="0" tests="1" name="testcases.TCID136" time="92.562" errors="0" timestamp="2020-04-09T20:24:39 IST" skipped="0">
  <testcase classname="testcases.TCID136" name="test136" time="92.562"/>
  <system-out/>
</testsuite> <!-- testcases.TCID136 -->
