<?xml version="1.0" encoding="UTF-8"?>
<!-- Generated by org.testng.reporters.JUnitReportReporter -->
<testsuite hostname="DESKTOP-P4C0323" failures="0" tests="1" name="testcases.TCID122" time="131.882" errors="0" timestamp="2020-03-28T20:36:35 IST" skipped="0">
  <testcase classname="testcases.TCID122" name="test122" time="131.882"/>
  <system-out/>
</testsuite> <!-- testcases.TCID122 -->
