<?xml version="1.0" encoding="UTF-8"?>
<!-- Generated by org.testng.reporters.JUnitReportReporter -->
<testsuite hostname="DESKTOP-P4MLSHK" failures="0" tests="1" name="testcases.TCID5" time="22.686" errors="0" timestamp="2020-03-23T21:43:54 IST" skipped="0">
  <testcase classname="testcases.TCID5" name="upper" time="22.686"/>
  <system-out/>
</testsuite> <!-- testcases.TCID5 -->
