<?xml version="1.0" encoding="UTF-8"?>
<!-- Generated by org.testng.reporters.JUnitReportReporter -->
<testsuite hostname="DESKTOP-P4MLSHK" failures="0" tests="1" name="testcases.TCID11" time="1.390" errors="0" timestamp="2020-03-17T20:30:56 IST" skipped="0">
  <testcase classname="testcases.TCID11" name="atoz" time="1.390"/>
  <system-out/>
</testsuite> <!-- testcases.TCID11 -->
