<?xml version="1.0" encoding="UTF-8"?>
<!-- Generated by org.testng.reporters.JUnitReportReporter -->
<testsuite hostname="DESKTOP-26CSK06" failures="0" tests="1" name="testcases.TCID1" time="8.914" errors="0" timestamp="2020-03-19T19:43:39 IST" skipped="0">
  <testcase classname="testcases.TCID1" name="startTest" time="8.914"/>
  <system-out/>
</testsuite> <!-- testcases.TCID1 -->
