<?xml version="1.0" encoding="UTF-8"?>
<!-- Generated by org.testng.reporters.JUnitReportReporter -->
<testsuite hostname="DESKTOP-P4C0323" failures="0" tests="1" name="testcases.TCID137" time="82.878" errors="0" timestamp="2020-04-12T18:27:33 IST" skipped="0">
  <testcase classname="testcases.TCID137" name="test137" time="82.878"/>
  <system-out/>
</testsuite> <!-- testcases.TCID137 -->
