<?xml version="1.0" encoding="UTF-8"?>
<!-- Generated by org.testng.reporters.JUnitReportReporter -->
<testsuite hostname="DESKTOP-P4C0323" failures="0" tests="1" name="testcases.TCID1" time="3.951" errors="0" timestamp="2020-03-14T22:36:41 IST" skipped="0">
  <testcase classname="testcases.TCID1" name="startTest" time="3.951"/>
  <system-out/>
</testsuite> <!-- testcases.TCID1 -->
