<?xml version="1.0" encoding="UTF-8"?>
<!-- Generated by org.testng.reporters.JUnitReportReporter -->
<testsuite hostname="DESKTOP-P4C0323" failures="0" tests="1" name="testcases.TCID145" time="63.294" errors="0" timestamp="2020-03-16T22:09:23 IST" skipped="0">
  <testcase classname="testcases.TCID145" name="test145" time="63.294"/>
  <system-out/>
</testsuite> <!-- testcases.TCID145 -->
