<?xml version="1.0" encoding="UTF-8"?>
<!-- Generated by org.testng.reporters.JUnitReportReporter -->
<testsuite hostname="DESKTOP-P4C0323" failures="0" tests="1" name="testcases.TCID144" time="74.689" errors="0" timestamp="2020-04-13T15:59:52 IST" skipped="0">
  <testcase classname="testcases.TCID144" name="test144" time="74.689"/>
  <system-out/>
</testsuite> <!-- testcases.TCID144 -->
