<?xml version="1.0" encoding="UTF-8"?>
<!-- Generated by org.testng.reporters.JUnitReportReporter -->
<testsuite hostname="DESKTOP-26CSK06" failures="0" tests="1" name="testcases.TCID40" time="9.037" errors="0" timestamp="2020-03-20T21:43:41 IST" skipped="0">
  <testcase classname="testcases.TCID40" name="loginValid" time="9.037"/>
  <system-out/>
</testsuite> <!-- testcases.TCID40 -->
