<?xml version="1.0" encoding="UTF-8"?>
<!-- Generated by org.testng.reporters.JUnitReportReporter -->
<testsuite hostname="DESKTOP-P4MLSHK" failures="0" tests="1" name="testcases.TCID12" time="7.505" errors="0" timestamp="2020-03-25T19:53:30 IST" skipped="0">
  <testcase classname="testcases.TCID12" name="ztoa" time="7.505"/>
  <system-out/>
</testsuite> <!-- testcases.TCID12 -->
