<?xml version="1.0" encoding="UTF-8"?>
<!-- Generated by org.testng.reporters.JUnitReportReporter -->
<testsuite hostname="DESKTOP-P4MLSHK" failures="0" tests="1" name="testcases.TCID10" time="5.553" errors="0" timestamp="2020-03-26T20:04:52 IST" skipped="0">
  <testcase classname="testcases.TCID10" name="highlow" time="5.553"/>
  <system-out/>
</testsuite> <!-- testcases.TCID10 -->
