<?xml version="1.0" encoding="UTF-8"?>
<!-- Generated by org.testng.reporters.JUnitReportReporter -->
<testsuite hostname="DESKTOP-P4C0323" failures="0" tests="1" name="testcases.TCID136" time="90.017" errors="0" timestamp="2020-03-29T12:50:19 IST" skipped="0">
  <testcase classname="testcases.TCID136" name="test136" time="90.017"/>
  <system-out/>
</testsuite> <!-- testcases.TCID136 -->
