<?xml version="1.0" encoding="UTF-8"?>
<!-- Generated by org.testng.reporters.JUnitReportReporter -->
<testsuite hostname="DESKTOP-P4MLSHK" failures="0" tests="1" name="testcases.TCID29" time="14.352" errors="0" timestamp="2020-03-20T21:55:07 IST" skipped="0">
  <testcase classname="testcases.TCID29" name="clearCart" time="14.352"/>
  <system-out/>
</testsuite> <!-- testcases.TCID29 -->
