<?xml version="1.0" encoding="UTF-8"?>
<!-- Generated by org.testng.reporters.JUnitReportReporter -->
<testsuite hostname="DESKTOP-26CSK06" failures="0" tests="1" name="testcases.TCID38" time="2.493" errors="0" timestamp="2020-03-20T21:43:41 IST" skipped="0">
  <testcase classname="testcases.TCID38" name="emptyLogin" time="2.493"/>
  <system-out/>
</testsuite> <!-- testcases.TCID38 -->
