<?xml version="1.0" encoding="UTF-8"?>
<!-- Generated by org.testng.reporters.JUnitReportReporter -->
<testsuite hostname="DESKTOP-P4MLSHK" failures="0" tests="1" name="testcases.TCID7" time="0.871" errors="0" timestamp="2020-03-16T21:49:37 IST" skipped="0">
  <testcase classname="testcases.TCID7" name="sort" time="0.871"/>
  <system-out/>
</testsuite> <!-- testcases.TCID7 -->
