<?xml version="1.0" encoding="UTF-8"?>
<!-- Generated by org.testng.reporters.JUnitReportReporter -->
<testsuite hostname="DESKTOP-P4MLSHK" failures="0" tests="1" name="testcases.TCID16" time="17.066" errors="0" timestamp="2020-03-20T21:55:08 IST" skipped="0">
  <testcase classname="testcases.TCID16" name="checkout_emp" time="17.066"/>
  <system-out/>
</testsuite> <!-- testcases.TCID16 -->
