<?xml version="1.0" encoding="UTF-8"?>
<!-- Generated by org.testng.reporters.JUnitReportReporter -->
<testsuite hostname="DESKTOP-P4C0323" failures="0" tests="1" name="testcases.TCID119" time="0.000" errors="0" timestamp="2020-03-13T21:24:59 IST" skipped="1">
  <testcase classname="testcases.TCID119" name="test119" time="0.000">
    <skipped/>
  </testcase> <!-- test119 -->
  <system-out/>
</testsuite> <!-- testcases.TCID119 -->
