<?xml version="1.0" encoding="UTF-8"?>
<!-- Generated by org.testng.reporters.JUnitReportReporter -->
<testsuite hostname="DESKTOP-P4C0323" failures="0" tests="1" name="testcases.TCID135" time="72.770" errors="0" timestamp="2020-03-29T12:42:51 IST" skipped="0">
  <testcase classname="testcases.TCID135" name="test135" time="72.770"/>
  <system-out/>
</testsuite> <!-- testcases.TCID135 -->
