<?xml version="1.0" encoding="UTF-8"?>
<!-- Generated by org.testng.reporters.JUnitReportReporter -->
<testsuite hostname="DESKTOP-P4C0323" failures="0" tests="1" name="testcases.TCID125" time="107.339" errors="0" timestamp="2020-03-26T12:48:10 IST" skipped="0">
  <testcase classname="testcases.TCID125" name="test125" time="107.339"/>
  <system-out/>
</testsuite> <!-- testcases.TCID125 -->
