<?xml version="1.0" encoding="UTF-8"?>
<!-- Generated by org.testng.reporters.JUnitReportReporter -->
<testsuite hostname="LAPTOP-21M1NBLT" failures="0" tests="1" name="testcases.TCID65" time="5.679" errors="0" timestamp="2020-03-17T21:23:00 IST" skipped="0">
  <testcase classname="testcases.TCID65" name="phoneNumNegative" time="5.679"/>
  <system-out/>
</testsuite> <!-- testcases.TCID65 -->
