<?xml version="1.0" encoding="UTF-8"?>
<!-- Generated by org.testng.reporters.JUnitReportReporter -->
<testsuite hostname="DESKTOP-P4C0323" failures="0" tests="1" name="testcases.TCID127" time="75.408" errors="0" timestamp="2020-03-29T11:35:38 IST" skipped="0">
  <testcase classname="testcases.TCID127" name="test127" time="75.408"/>
  <system-out/>
</testsuite> <!-- testcases.TCID127 -->
