<?xml version="1.0" encoding="UTF-8"?>
<!-- Generated by org.testng.reporters.JUnitReportReporter -->
<testsuite hostname="DESKTOP-P4MLSHK" failures="0" tests="1" name="testcases.TCID19" time="10.449" errors="0" timestamp="2020-03-21T21:33:24 IST" skipped="0">
  <testcase classname="testcases.TCID19" name="clearEmp" time="10.449"/>
  <system-out/>
</testsuite> <!-- testcases.TCID19 -->
