<?xml version="1.0" encoding="UTF-8"?>
<!-- Generated by org.testng.reporters.JUnitReportReporter -->
<testsuite hostname="DESKTOP-P4MLSHK" failures="0" tests="1" name="testcases.TCID12" time="11.895" errors="0" timestamp="2020-03-23T21:43:55 IST" skipped="0">
  <testcase classname="testcases.TCID12" name="ztoa" time="11.895"/>
  <system-out/>
</testsuite> <!-- testcases.TCID12 -->
