<?xml version="1.0" encoding="UTF-8"?>
<!-- Generated by org.testng.reporters.JUnitReportReporter -->
<testsuite hostname="DESKTOP-P4C0323" failures="0" tests="1" name="testcases.TCID120" time="52.001" errors="0" timestamp="2020-03-29T21:25:45 IST" skipped="0">
  <testcase classname="testcases.TCID120" name="test120" time="52.001"/>
  <system-out/>
</testsuite> <!-- testcases.TCID120 -->
