<?xml version="1.0" encoding="UTF-8"?>
<!-- Generated by org.testng.reporters.JUnitReportReporter -->
<testsuite hostname="DESKTOP-P4C0323" failures="0" tests="1" name="testcases.TCID132" time="38.432" errors="0" timestamp="2020-03-17T19:10:14 IST" skipped="0">
  <testcase classname="testcases.TCID132" name="test132" time="38.432"/>
  <system-out/>
</testsuite> <!-- testcases.TCID132 -->
