<?xml version="1.0" encoding="UTF-8"?>
<!-- Generated by org.testng.reporters.JUnitReportReporter -->
<testsuite hostname="DESKTOP-26CSK06" failures="0" tests="1" name="testcases.TCID49" time="2.619" errors="0" timestamp="2020-03-23T20:33:16 IST" skipped="0">
  <testcase classname="testcases.TCID49" name="back" time="2.619"/>
  <system-out/>
</testsuite> <!-- testcases.TCID49 -->
