<?xml version="1.0" encoding="UTF-8"?>
<!-- Generated by org.testng.reporters.JUnitReportReporter -->
<testsuite hostname="DESKTOP-P4MLSHK" failures="0" tests="1" name="testcases.TCID29" time="13.950" errors="0" timestamp="2020-03-25T19:53:30 IST" skipped="0">
  <testcase classname="testcases.TCID29" name="clearCart" time="13.950"/>
  <system-out/>
</testsuite> <!-- testcases.TCID29 -->
