<?xml version="1.0" encoding="UTF-8"?>
<!-- Generated by org.testng.reporters.JUnitReportReporter -->
<testsuite hostname="DESKTOP-P4MLSHK" failures="0" tests="1" name="testcases.TCID18" time="13.093" errors="0" timestamp="2020-03-25T19:53:30 IST" skipped="0">
  <testcase classname="testcases.TCID18" name="checkout_pro" time="13.093"/>
  <system-out/>
</testsuite> <!-- testcases.TCID18 -->
