<?xml version="1.0" encoding="UTF-8"?>
<!-- Generated by org.testng.reporters.JUnitReportReporter -->
<testsuite hostname="DESKTOP-P4C0323" failures="0" tests="1" name="testcases.TCID120" time="56.218" errors="0" timestamp="2020-03-20T21:34:05 IST" skipped="0">
  <testcase classname="testcases.TCID120" name="test120" time="56.218"/>
  <system-out/>
</testsuite> <!-- testcases.TCID120 -->
