<?xml version="1.0" encoding="UTF-8"?>
<!-- Generated by org.testng.reporters.JUnitReportReporter -->
<testsuite hostname="DESKTOP-P4MLSHK" failures="0" tests="1" name="testcases.TCID11" time="5.645" errors="0" timestamp="2020-03-26T20:04:52 IST" skipped="0">
  <testcase classname="testcases.TCID11" name="atoz" time="5.645"/>
  <system-out/>
</testsuite> <!-- testcases.TCID11 -->
