<?xml version="1.0" encoding="UTF-8"?>
<!-- Generated by org.testng.reporters.JUnitReportReporter -->
<testsuite hostname="DESKTOP-P4MLSHK" failures="0" tests="1" name="testcases.TCID4" time="10.715" errors="0" timestamp="2020-03-23T21:43:55 IST" skipped="0">
  <testcase classname="testcases.TCID4" name="cartMinus" time="10.715"/>
  <system-out/>
</testsuite> <!-- testcases.TCID4 -->
