<?xml version="1.0" encoding="UTF-8"?>
<!-- Generated by org.testng.reporters.JUnitReportReporter -->
<testsuite hostname="DESKTOP-P4C0323" failures="0" tests="1" name="testcases.TCID121" time="136.301" errors="0" timestamp="2020-04-09T13:00:22 IST" skipped="0">
  <testcase classname="testcases.TCID121" name="test121" time="136.301"/>
  <system-out/>
</testsuite> <!-- testcases.TCID121 -->
