<?xml version="1.0" encoding="UTF-8"?>
<!-- Generated by org.testng.reporters.JUnitReportReporter -->
<testsuite hostname="DESKTOP-P4C0323" failures="0" tests="1" name="testcases.TCID123" time="53.402" errors="0" timestamp="2020-03-19T20:46:56 IST" skipped="0">
  <testcase classname="testcases.TCID123" name="test123" time="53.402"/>
  <system-out/>
</testsuite> <!-- testcases.TCID123 -->
