<?xml version="1.0" encoding="UTF-8"?>
<!-- Generated by org.testng.reporters.JUnitReportReporter -->
<testsuite hostname="DESKTOP-26CSK06" failures="0" tests="1" name="testcases.TCID44" time="20.366" errors="0" timestamp="2020-03-23T20:33:16 IST" skipped="0">
  <testcase classname="testcases.TCID44" name="forgotValid" time="20.366"/>
  <system-out/>
</testsuite> <!-- testcases.TCID44 -->
