<?xml version="1.0" encoding="UTF-8"?>
<!-- Generated by org.testng.reporters.JUnitReportReporter -->
<testsuite hostname="DESKTOP-3GBAJJR" failures="0" tests="1" name="testcases.TCID95" time="25.917" errors="0" timestamp="2020-03-26T14:07:05 IST" skipped="0">
  <testcase classname="testcases.TCID95" name="startTest95" time="25.917"/>
  <system-out/>
</testsuite> <!-- testcases.TCID95 -->
