<?xml version="1.0" encoding="UTF-8"?>
<!-- Generated by org.testng.reporters.JUnitReportReporter -->
<testsuite hostname="DESKTOP-P4MLSHK" failures="0" tests="1" name="testcases.TCID29" time="13.832" errors="0" timestamp="2020-03-21T20:56:24 IST" skipped="0">
  <testcase classname="testcases.TCID29" name="clearCart" time="13.832"/>
  <system-out/>
</testsuite> <!-- testcases.TCID29 -->
