<?xml version="1.0" encoding="UTF-8"?>
<!-- Generated by org.testng.reporters.JUnitReportReporter -->
<testsuite hostname="DESKTOP-P4MLSHK" failures="0" tests="1" name="testcases.TCID13" time="13.964" errors="0" timestamp="2020-03-22T20:59:28 IST" skipped="0">
  <testcase classname="testcases.TCID13" name="page" time="13.964"/>
  <system-out/>
</testsuite> <!-- testcases.TCID13 -->
