<?xml version="1.0" encoding="UTF-8"?>
<!-- Generated by org.testng.reporters.JUnitReportReporter -->
<testsuite hostname="DESKTOP-26CSK06" failures="0" tests="1" name="testcases.TCID34" time="7.709" errors="0" timestamp="2020-03-17T20:38:34 IST" skipped="0">
  <testcase classname="testcases.TCID34" name="productDecrement" time="7.709"/>
  <system-out/>
</testsuite> <!-- testcases.TCID34 -->
