<?xml version="1.0" encoding="UTF-8"?>
<!-- Generated by org.testng.reporters.JUnitReportReporter -->
<testsuite hostname="DESKTOP-26CSK06" failures="0" tests="1" name="testcases.TCID54" time="12.134" errors="0" timestamp="2020-03-15T21:46:13 IST" skipped="0">
  <testcase classname="testcases.TCID54" name="fnamePositive" time="12.134"/>
  <system-out/>
</testsuite> <!-- testcases.TCID54 -->
