<?xml version="1.0" encoding="UTF-8"?>
<!-- Generated by org.testng.reporters.JUnitReportReporter -->
<testsuite hostname="DESKTOP-26CSK06" failures="0" tests="1" name="testcases.TCID43" time="3.206" errors="0" timestamp="2020-03-19T19:43:39 IST" skipped="0">
  <testcase classname="testcases.TCID43" name="forgotPass" time="3.206"/>
  <system-out/>
</testsuite> <!-- testcases.TCID43 -->
