<?xml version="1.0" encoding="UTF-8"?>
<!-- Generated by org.testng.reporters.JUnitReportReporter -->
<testsuite hostname="DESKTOP-3GBAJJR" failures="0" tests="1" name="testcases.TCID102" time="6.951" errors="0" timestamp="2020-03-18T23:18:09 IST" skipped="0">
  <testcase classname="testcases.TCID102" name="startTest102" time="6.951"/>
  <system-out/>
</testsuite> <!-- testcases.TCID102 -->
