<?xml version="1.0" encoding="UTF-8"?>
<!-- Generated by org.testng.reporters.JUnitReportReporter -->
<testsuite hostname="DESKTOP-26CSK06" failures="0" tests="1" name="testcases.TCID39" time="9.870" errors="0" timestamp="2020-03-21T13:29:34 IST" skipped="0">
  <testcase classname="testcases.TCID39" name="loginEmpty" time="9.870"/>
  <system-out/>
</testsuite> <!-- testcases.TCID39 -->
