<?xml version="1.0" encoding="UTF-8"?>
<!-- Generated by org.testng.reporters.JUnitReportReporter -->
<testsuite hostname="LAPTOP-21M1NBLT" failures="0" tests="1" name="testcases.TCID61" time="4.054" errors="0" timestamp="2020-03-17T21:23:00 IST" skipped="0">
  <testcase classname="testcases.TCID61" name="emailValidation" time="4.054"/>
  <system-out/>
</testsuite> <!-- testcases.TCID61 -->
