<?xml version="1.0" encoding="UTF-8"?>
<!-- Generated by org.testng.reporters.JUnitReportReporter -->
<testsuite hostname="LAPTOP-21M1NBLT" failures="0" tests="1" name="testcases.TCID66" time="4.257" errors="0" timestamp="2020-03-17T21:22:59 IST" skipped="0">
  <testcase classname="testcases.TCID66" name="passwordFieldEmpty" time="4.257"/>
  <system-out/>
</testsuite> <!-- testcases.TCID66 -->
