<?xml version="1.0" encoding="UTF-8"?>
<!-- Generated by org.testng.reporters.JUnitReportReporter -->
<testsuite hostname="LAPTOP-21M1NBLT" failures="0" tests="1" name="testcases.TCID61" time="3.522" errors="0" timestamp="2020-03-13T15:37:33 IST" skipped="0">
  <testcase classname="testcases.TCID61" name="emailValidation" time="3.522"/>
  <system-out/>
</testsuite> <!-- testcases.TCID61 -->
