<?xml version="1.0" encoding="UTF-8"?>
<!-- Generated by org.testng.reporters.JUnitReportReporter -->
<testsuite hostname="DESKTOP-P4C0323" failures="0" tests="1" name="testcases.TCID1" time="11.889" errors="0" timestamp="2020-03-16T23:20:29 IST" skipped="0">
  <testcase classname="testcases.TCID1" name="startTest" time="11.889"/>
  <system-out/>
</testsuite> <!-- testcases.TCID1 -->
