<?xml version="1.0" encoding="UTF-8"?>
<!-- Generated by org.testng.reporters.JUnitReportReporter -->
<testsuite hostname="DESKTOP-3GBAJJR" failures="0" tests="1" name="testcases.TCID115" time="11.650" errors="0" timestamp="2020-03-24T22:05:02 IST" skipped="0">
  <testcase classname="testcases.TCID115" name="startTest114" time="11.650"/>
  <system-out/>
</testsuite> <!-- testcases.TCID115 -->
