<?xml version="1.0" encoding="UTF-8"?>
<!-- Generated by org.testng.reporters.JUnitReportReporter -->
<testsuite hostname="DESKTOP-3GBAJJR" failures="0" tests="1" name="testcases.TCID103" time="7.008" errors="0" timestamp="2020-03-24T22:05:03 IST" skipped="0">
  <testcase classname="testcases.TCID103" name="startTest103" time="7.008"/>
  <system-out/>
</testsuite> <!-- testcases.TCID103 -->
