<?xml version="1.0" encoding="UTF-8"?>
<!-- Generated by org.testng.reporters.JUnitReportReporter -->
<testsuite hostname="DESKTOP-26CSK06" failures="0" tests="1" name="testcases.TCID38" time="4.551" errors="0" timestamp="2020-03-18T18:56:22 IST" skipped="0">
  <testcase classname="testcases.TCID38" name="emptyLogin" time="4.551"/>
  <system-out/>
</testsuite> <!-- testcases.TCID38 -->
