<?xml version="1.0" encoding="UTF-8"?>
<!-- Generated by org.testng.reporters.JUnitReportReporter -->
<testsuite hostname="DESKTOP-3GBAJJR" failures="0" tests="1" name="testcases.TCID115" time="11.760" errors="0" timestamp="2020-03-19T22:26:46 IST" skipped="0">
  <testcase classname="testcases.TCID115" name="startTest114" time="11.760"/>
  <system-out/>
</testsuite> <!-- testcases.TCID115 -->
