<?xml version="1.0" encoding="UTF-8"?>
<!-- Generated by org.testng.reporters.JUnitReportReporter -->
<testsuite hostname="DESKTOP-P4MLSHK" failures="0" tests="1" name="testcases.TCID27" time="27.726" errors="0" timestamp="2020-03-22T20:59:27 IST" skipped="0">
  <testcase classname="testcases.TCID27" name="verifyttl" time="27.726"/>
  <system-out/>
</testsuite> <!-- testcases.TCID27 -->
