<?xml version="1.0" encoding="UTF-8"?>
<!-- Generated by org.testng.reporters.JUnitReportReporter -->
<testsuite hostname="DESKTOP-3GBAJJR" failures="0" tests="1" name="testcases.TCID1" time="30.604" errors="0" timestamp="2020-03-12T23:09:02 IST" skipped="0">
  <testcase classname="testcases.TCID1" name="startTest" time="30.604"/>
  <system-out/>
</testsuite> <!-- testcases.TCID1 -->
