<?xml version="1.0" encoding="UTF-8"?>
<!-- Generated by org.testng.reporters.JUnitReportReporter -->
<testsuite hostname="DESKTOP-P4MLSHK" failures="0" tests="1" name="testcases.TCID2" time="4.295" errors="0" timestamp="2020-03-16T21:49:36 IST" skipped="0">
  <testcase classname="testcases.TCID2" name="addCart" time="4.295"/>
  <system-out/>
</testsuite> <!-- testcases.TCID2 -->
