<?xml version="1.0" encoding="UTF-8"?>
<!-- Generated by org.testng.reporters.JUnitReportReporter -->
<testsuite hostname="DESKTOP-3GBAJJR" failures="0" tests="1" name="testcases.TCID116" time="6.623" errors="0" timestamp="2020-03-21T12:22:58 IST" skipped="0">
  <testcase classname="testcases.TCID116" name="startTest116" time="6.623"/>
  <system-out/>
</testsuite> <!-- testcases.TCID116 -->
