<?xml version="1.0" encoding="UTF-8"?>
<!-- Generated by org.testng.reporters.JUnitReportReporter -->
<testsuite hostname="DESKTOP-P4MLSHK" failures="0" tests="1" name="testcases.TCID12" time="2.612" errors="0" timestamp="2020-03-18T21:54:16 IST" skipped="0">
  <testcase classname="testcases.TCID12" name="ztoa" time="2.612"/>
  <system-out/>
</testsuite> <!-- testcases.TCID12 -->
