<?xml version="1.0" encoding="UTF-8"?>
<!-- Generated by org.testng.reporters.JUnitReportReporter -->
<testsuite hostname="DESKTOP-26CSK06" failures="0" tests="1" name="testcases.TCID35" time="25.252" errors="0" timestamp="2020-03-20T21:43:42 IST" skipped="0">
  <testcase classname="testcases.TCID35" name="upper" time="25.252"/>
  <system-out/>
</testsuite> <!-- testcases.TCID35 -->
