<?xml version="1.0" encoding="UTF-8"?>
<!-- Generated by org.testng.reporters.JUnitReportReporter -->
<testsuite hostname="DESKTOP-P4C0323" failures="0" tests="1" name="testcases.TCID124" time="99.312" errors="0" timestamp="2020-04-09T13:11:09 IST" skipped="0">
  <testcase classname="testcases.TCID124" name="test124" time="99.312"/>
  <system-out/>
</testsuite> <!-- testcases.TCID124 -->
