<?xml version="1.0" encoding="UTF-8"?>
<!-- Generated by org.testng.reporters.JUnitReportReporter -->
<testsuite hostname="DESKTOP-26CSK06" failures="0" tests="1" name="testcases.TCID41" time="13.147" errors="0" timestamp="2020-03-23T20:33:15 IST" skipped="0">
  <testcase classname="testcases.TCID41" name="loginInvalid" time="13.147"/>
  <system-out/>
</testsuite> <!-- testcases.TCID41 -->
