<?xml version="1.0" encoding="UTF-8"?>
<!-- Generated by org.testng.reporters.JUnitReportReporter -->
<testsuite hostname="LAPTOP-U11H1911" failures="0" tests="1" name="testcases.TCID1" time="32.839" errors="0" timestamp="2020-03-16T18:08:12 IST" skipped="0">
  <testcase classname="testcases.TCID1" name="startTest" time="32.839"/>
  <system-out/>
</testsuite> <!-- testcases.TCID1 -->
