<?xml version="1.0" encoding="UTF-8"?>
<!-- Generated by org.testng.reporters.JUnitReportReporter -->
<testsuite hostname="DESKTOP-26CSK06" failures="0" tests="1" name="testcases.TCID42" time="13.337" errors="0" timestamp="2020-03-23T20:33:16 IST" skipped="0">
  <testcase classname="testcases.TCID42" name="oneValid" time="13.337"/>
  <system-out/>
</testsuite> <!-- testcases.TCID42 -->
