<?xml version="1.0" encoding="UTF-8"?>
<!-- Generated by org.testng.reporters.JUnitReportReporter -->
<testsuite hostname="LAPTOP-21M1NBLT" failures="0" tests="1" name="testcases.TCID63" time="5.149" errors="0" timestamp="2020-03-13T15:37:33 IST" skipped="0">
  <testcase classname="testcases.TCID63" name="phoneNumEmpty" time="5.149"/>
  <system-out/>
</testsuite> <!-- testcases.TCID63 -->
