<?xml version="1.0" encoding="UTF-8"?>
<!-- Generated by org.testng.reporters.JUnitReportReporter -->
<testsuite hostname="DESKTOP-P4C0323" failures="0" tests="1" name="testcases.TCID122" time="113.172" errors="0" timestamp="2020-04-09T13:04:47 IST" skipped="0">
  <testcase classname="testcases.TCID122" name="test122" time="113.172"/>
  <system-out/>
</testsuite> <!-- testcases.TCID122 -->
