<?xml version="1.0" encoding="UTF-8"?>
<!-- Generated by org.testng.reporters.JUnitReportReporter -->
<testsuite hostname="DESKTOP-P4C0323" failures="0" tests="1" name="testcases.TCID130" time="181.155" errors="0" timestamp="2020-04-09T14:40:36 IST" skipped="0">
  <testcase classname="testcases.TCID130" name="test130" time="181.155"/>
  <system-out/>
</testsuite> <!-- testcases.TCID130 -->
