<?xml version="1.0" encoding="UTF-8"?>
<!-- Generated by org.testng.reporters.JUnitReportReporter -->
<testsuite hostname="DESKTOP-3GBAJJR" failures="0" tests="1" name="testcases.TCID100" time="8.114" errors="0" timestamp="2020-03-16T23:39:14 IST" skipped="0">
  <testcase classname="testcases.TCID100" name="startTest100" time="8.114"/>
  <system-out/>
</testsuite> <!-- testcases.TCID100 -->
