<?xml version="1.0" encoding="UTF-8"?>
<!-- Generated by org.testng.reporters.JUnitReportReporter -->
<testsuite hostname="DESKTOP-P4C0323" failures="0" tests="1" name="testcases.TCID134" time="48.090" errors="0" timestamp="2020-03-17T21:55:18 IST" skipped="0">
  <testcase classname="testcases.TCID134" name="test134" time="48.090"/>
  <system-out/>
</testsuite> <!-- testcases.TCID134 -->
