<?xml version="1.0" encoding="UTF-8"?>
<!-- Generated by org.testng.reporters.JUnitReportReporter -->
<testsuite hostname="DESKTOP-3GBAJJR" failures="0" tests="1" name="testcases.TCID94" time="18.737" errors="0" timestamp="2020-03-26T14:07:06 IST" skipped="0">
  <testcase classname="testcases.TCID94" name="startTest94" time="18.737"/>
  <system-out/>
</testsuite> <!-- testcases.TCID94 -->
