<?xml version="1.0" encoding="UTF-8"?>
<!-- Generated by org.testng.reporters.JUnitReportReporter -->
<testsuite hostname="DESKTOP-P4C0323" failures="0" tests="1" name="testcases.TCID127" time="133.638" errors="0" timestamp="2020-04-09T13:33:39 IST" skipped="0">
  <testcase classname="testcases.TCID127" name="test127" time="133.638"/>
  <system-out/>
</testsuite> <!-- testcases.TCID127 -->
