<?xml version="1.0" encoding="UTF-8"?>
<!-- Generated by org.testng.reporters.JUnitReportReporter -->
<testsuite hostname="DESKTOP-P4MLSHK" failures="0" tests="1" name="testcases.TCID20" time="5.546" errors="0" timestamp="2020-03-25T19:53:29 IST" skipped="0">
  <testcase classname="testcases.TCID20" name="clearPro" time="5.546"/>
  <system-out/>
</testsuite> <!-- testcases.TCID20 -->
