<?xml version="1.0" encoding="UTF-8"?>
<!-- Generated by org.testng.reporters.JUnitReportReporter -->
<testsuite hostname="DESKTOP-26CSK06" failures="0" tests="1" name="testcases.TCID57" time="7.824" errors="0" timestamp="2020-03-20T20:54:59 IST" skipped="0">
  <testcase classname="testcases.TCID57" name="emptyLname" time="7.824"/>
  <system-out/>
</testsuite> <!-- testcases.TCID57 -->
