<?xml version="1.0" encoding="UTF-8"?>
<!-- Generated by org.testng.reporters.JUnitReportReporter -->
<testsuite hostname="DESKTOP-P4MLSHK" failures="0" tests="1" name="testcases.TCID3" time="6.224" errors="0" timestamp="2020-03-17T20:30:57 IST" skipped="0">
  <testcase classname="testcases.TCID3" name="cartPlus" time="6.224"/>
  <system-out/>
</testsuite> <!-- testcases.TCID3 -->
