<?xml version="1.0" encoding="UTF-8"?>
<!-- Generated by org.testng.reporters.JUnitReportReporter -->
<testsuite hostname="DESKTOP-P4MLSHK" failures="0" tests="1" name="testcases.TCID2" time="0.699" errors="0" timestamp="2020-03-18T21:54:16 IST" skipped="0">
  <testcase classname="testcases.TCID2" name="addCart" time="0.699"/>
  <system-out/>
</testsuite> <!-- testcases.TCID2 -->
