<?xml version="1.0" encoding="UTF-8"?>
<!-- Generated by org.testng.reporters.JUnitReportReporter -->
<testsuite hostname="LAPTOP-21M1NBLT" failures="0" tests="1" name="testcases.TCID60" time="4.625" errors="0" timestamp="2020-03-13T15:37:33 IST" skipped="0">
  <testcase classname="testcases.TCID60" name="invalidEmailValidation" time="4.625"/>
  <system-out/>
</testsuite> <!-- testcases.TCID60 -->
