<?xml version="1.0" encoding="UTF-8"?>
<!-- Generated by org.testng.reporters.JUnitReportReporter -->
<testsuite hostname="DESKTOP-26CSK06" failures="0" tests="1" name="testcases.TCID36" time="5.958" errors="0" timestamp="2020-03-15T21:46:14 IST" skipped="0">
  <testcase classname="testcases.TCID36" name="lower" time="5.958"/>
  <system-out/>
</testsuite> <!-- testcases.TCID36 -->
