<?xml version="1.0" encoding="UTF-8"?>
<!-- Generated by org.testng.reporters.JUnitReportReporter -->
<testsuite hostname="DESKTOP-P4C0323" failures="0" tests="1" name="testcases.TCID120" time="46.382" errors="0" timestamp="2020-03-19T20:34:57 IST" skipped="0">
  <testcase classname="testcases.TCID120" name="test120" time="46.382"/>
  <system-out/>
</testsuite> <!-- testcases.TCID120 -->
