<?xml version="1.0" encoding="UTF-8"?>
<!-- Generated by org.testng.reporters.JUnitReportReporter -->
<testsuite hostname="DESKTOP-P4C0323" failures="0" tests="1" name="testcases.TCID119" time="58.425" errors="0" timestamp="2020-03-20T21:22:43 IST" skipped="0">
  <testcase classname="testcases.TCID119" name="test119" time="58.425"/>
  <system-out/>
</testsuite> <!-- testcases.TCID119 -->
