<?xml version="1.0" encoding="UTF-8"?>
<!-- Generated by org.testng.reporters.JUnitReportReporter -->
<testsuite hostname="DESKTOP-3GBAJJR" failures="0" tests="1" name="testcases.TCID110" time="21.651" errors="0" timestamp="2020-03-19T22:26:47 IST" skipped="0">
  <testcase classname="testcases.TCID110" name="startTest110" time="21.651"/>
  <system-out/>
</testsuite> <!-- testcases.TCID110 -->
