<?xml version="1.0" encoding="UTF-8"?>
<!-- Generated by org.testng.reporters.JUnitReportReporter -->
<testsuite hostname="DESKTOP-P4C0323" failures="0" tests="1" name="testcases.TCID135" time="73.174" errors="0" timestamp="2020-03-17T18:12:37 IST" skipped="0">
  <testcase classname="testcases.TCID135" name="test135" time="73.174"/>
  <system-out/>
</testsuite> <!-- testcases.TCID135 -->
