<?xml version="1.0" encoding="UTF-8"?>
<!-- Generated by org.testng.reporters.JUnitReportReporter -->
<testsuite hostname="LAPTOP-21M1NBLT" failures="0" tests="1" name="testcases.TCID1" time="7.991" errors="0" timestamp="2020-03-24T18:32:36 IST" skipped="0">
  <testcase classname="testcases.TCID1" name="startTest" time="7.991"/>
  <system-out/>
</testsuite> <!-- testcases.TCID1 -->
