<?xml version="1.0" encoding="UTF-8"?>
<!-- Generated by org.testng.reporters.JUnitReportReporter -->
<testsuite hostname="LAPTOP-21M1NBLT" failures="0" tests="1" name="testcases.TCID1" time="8.109" errors="0" timestamp="2020-03-19T18:30:59 IST" skipped="0">
  <testcase classname="testcases.TCID1" name="startTest" time="8.109"/>
  <system-out/>
</testsuite> <!-- testcases.TCID1 -->
