<?xml version="1.0" encoding="UTF-8"?>
<!-- Generated by org.testng.reporters.JUnitReportReporter -->
<testsuite hostname="LAPTOP-21M1NBLT" failures="0" tests="1" name="testcases.TCID1" time="13.410" errors="0" timestamp="2020-03-14T22:40:36 IST" skipped="0">
  <testcase classname="testcases.TCID1" name="startTest" time="13.410"/>
  <system-out/>
</testsuite> <!-- testcases.TCID1 -->
