<?xml version="1.0" encoding="UTF-8"?>
<!-- Generated by org.testng.reporters.JUnitReportReporter -->
<testsuite hostname="DESKTOP-3GBAJJR" failures="0" tests="1" name="testcases.TCID1" time="43.784" errors="0" timestamp="2020-03-12T20:39:51 IST" skipped="0">
  <testcase classname="testcases.TCID1" name="startTest" time="43.784"/>
  <system-out/>
</testsuite> <!-- testcases.TCID1 -->
