<?xml version="1.0" encoding="UTF-8"?>
<!-- Generated by org.testng.reporters.JUnitReportReporter -->
<testsuite hostname="LAPTOP-21M1NBLT" failures="0" tests="1" name="testcases.TCID1" time="62.862" errors="0" timestamp="2020-03-18T21:57:27 IST" skipped="0">
  <testcase classname="testcases.TCID1" name="startTest" time="62.862"/>
  <system-out/>
</testsuite> <!-- testcases.TCID1 -->
