<?xml version="1.0" encoding="UTF-8"?>
<!-- Generated by org.testng.reporters.JUnitReportReporter -->
<testsuite hostname="DESKTOP-P4MLSHK" failures="0" tests="1" name="testcases.TCID1" time="2.714" errors="0" timestamp="2020-03-26T20:17:49 IST" skipped="0">
  <testcase classname="testcases.TCID1" name="startTest" time="2.714"/>
  <system-out/>
</testsuite> <!-- testcases.TCID1 -->
