<?xml version="1.0" encoding="UTF-8"?>
<!-- Generated by org.testng.reporters.JUnitReportReporter -->
<testsuite hostname="DESKTOP-P4MLSHK" failures="0" tests="1" name="testcases.TCID1" time="3.395" errors="0" timestamp="2020-03-25T19:26:25 IST" skipped="0">
  <testcase classname="testcases.TCID1" name="startTest" time="3.395"/>
  <system-out/>
</testsuite> <!-- testcases.TCID1 -->
