<?xml version="1.0" encoding="UTF-8"?>
<!-- Generated by org.testng.reporters.JUnitReportReporter -->
<testsuite hostname="DESKTOP-P4MLSHK" failures="0" tests="1" name="testcases.TCID1" time="3.371" errors="0" timestamp="2020-03-20T10:48:22 IST" skipped="0">
  <testcase classname="testcases.TCID1" name="startTest" time="3.371"/>
  <system-out/>
</testsuite> <!-- testcases.TCID1 -->
