<?xml version="1.0" encoding="UTF-8"?>
<!-- Generated by org.testng.reporters.JUnitReportReporter -->
<testsuite hostname="LAPTOP-21M1NBLT" failures="0" tests="1" name="testcases.TCID1" time="10.097" errors="0" timestamp="2020-03-16T20:28:00 IST" skipped="0">
  <testcase classname="testcases.TCID1" name="startTest" time="10.097"/>
  <system-out/>
</testsuite> <!-- testcases.TCID1 -->
