<?xml version="1.0" encoding="UTF-8"?>
<!-- Generated by org.testng.reporters.JUnitReportReporter -->
<testsuite hostname="DESKTOP-3GBAJJR" failures="0" tests="1" name="testcases.TCID1" time="50.278" errors="0" timestamp="2020-03-17T22:45:07 IST" skipped="0">
  <testcase classname="testcases.TCID1" name="startTest" time="50.278"/>
  <system-out/>
</testsuite> <!-- testcases.TCID1 -->
