<?xml version="1.0" encoding="UTF-8"?>
<!-- Generated by org.testng.reporters.JUnitReportReporter -->
<testsuite hostname="DESKTOP-P4MLSHK" failures="0" tests="1" name="testcases.TCID1" time="14.626" errors="0" timestamp="2020-03-13T20:52:23 IST" skipped="0">
  <testcase classname="testcases.TCID1" name="startTest" time="14.626"/>
  <system-out/>
</testsuite> <!-- testcases.TCID1 -->
