<?xml version="1.0" encoding="UTF-8"?>
<!-- Generated by org.testng.reporters.JUnitReportReporter -->
<testsuite hostname="DESKTOP-3GBAJJR" failures="0" tests="1" name="testcases.TCID1" time="2.400" errors="0" timestamp="2020-03-24T14:15:04 IST" skipped="0">
  <testcase classname="testcases.TCID1" name="startTest" time="2.400"/>
  <system-out/>
</testsuite> <!-- testcases.TCID1 -->
